c:\users\kdt008\onedrive\바탕 화면\kdt_10sl\ex_c\day01\ex_01\exam\work\x64\debug\vc143.pdb
c:\users\kdt008\onedrive\바탕 화면\kdt_10sl\ex_c\day01\ex_01\exam\work\x64\debug\vc143.idb
c:\users\kdt008\onedrive\바탕 화면\kdt_10sl\ex_c\day01\ex_01\exam\work\x64\debug\0108_ch8_work_김힘찬.obj
c:\users\kdt008\onedrive\바탕 화면\kdt_10sl\ex_c\day01\ex_01\exam\work\x64\debug\0115_work_김힘찬.obj
c:\users\kdt008\onedrive\back\kdt_10sl\ex_c\day01\ex_01\exam\work\x64\debug\vc143.pdb
c:\users\kdt008\onedrive\back\kdt_10sl\ex_c\day01\ex_01\exam\work\x64\debug\vc143.idb
c:\users\kdt008\onedrive\back\kdt_10sl\ex_c\day01\ex_01\exam\work\x64\debug\0115_work_김힘찬.obj
c:\users\kdt008\onedrive\바탕 화면\kdt_10sl\ex_c\day01\ex_01\exam\x64\debug\work.exe
c:\users\kdt008\onedrive\바탕 화면\kdt_10sl\ex_c\day01\ex_01\exam\x64\debug\work.pdb
c:\users\kdt008\onedrive\바탕 화면\kdt_10sl\ex_c\day01\ex_01\exam\work\x64\debug\work.ilk
c:\users\kdt008\onedrive\back\kdt_10sl\ex_c\day01\ex_01\exam\work\x64\debug\0108_ch8_work_김힘찬.obj
c:\users\kdt008\onedrive\back\kdt_10sl\ex_c\day01\ex_01\exam\x64\debug\work.pdb
c:\users\kdt008\onedrive\back\kdt_10sl\ex_c\day01\ex_01\exam\work\x64\debug\work.tlog\cl.command.1.tlog
c:\users\kdt008\onedrive\back\kdt_10sl\ex_c\day01\ex_01\exam\work\x64\debug\work.tlog\cl.items.tlog
c:\users\kdt008\onedrive\back\kdt_10sl\ex_c\day01\ex_01\exam\work\x64\debug\work.tlog\cl.read.1.tlog
c:\users\kdt008\onedrive\back\kdt_10sl\ex_c\day01\ex_01\exam\work\x64\debug\work.tlog\cl.write.1.tlog
c:\users\kdt008\onedrive\back\kdt_10sl\ex_c\day01\ex_01\exam\work\x64\debug\work.tlog\link-cvtres.read.1.tlog
c:\users\kdt008\onedrive\back\kdt_10sl\ex_c\day01\ex_01\exam\work\x64\debug\work.tlog\link-cvtres.write.1.tlog
c:\users\kdt008\onedrive\back\kdt_10sl\ex_c\day01\ex_01\exam\work\x64\debug\work.tlog\link-rc.read.1.tlog
c:\users\kdt008\onedrive\back\kdt_10sl\ex_c\day01\ex_01\exam\work\x64\debug\work.tlog\link-rc.write.1.tlog
c:\users\kdt008\onedrive\back\kdt_10sl\ex_c\day01\ex_01\exam\work\x64\debug\work.tlog\link.command.1.tlog
c:\users\kdt008\onedrive\back\kdt_10sl\ex_c\day01\ex_01\exam\work\x64\debug\work.tlog\link.read.1.tlog
c:\users\kdt008\onedrive\back\kdt_10sl\ex_c\day01\ex_01\exam\work\x64\debug\work.tlog\link.read.2.tlog
c:\users\kdt008\onedrive\back\kdt_10sl\ex_c\day01\ex_01\exam\work\x64\debug\work.tlog\link.read.3.tlog
c:\users\kdt008\onedrive\back\kdt_10sl\ex_c\day01\ex_01\exam\work\x64\debug\work.tlog\link.read.4.tlog
c:\users\kdt008\onedrive\back\kdt_10sl\ex_c\day01\ex_01\exam\work\x64\debug\work.tlog\link.read.5.tlog
c:\users\kdt008\onedrive\back\kdt_10sl\ex_c\day01\ex_01\exam\work\x64\debug\work.tlog\link.secondary.1.tlog
c:\users\kdt008\onedrive\back\kdt_10sl\ex_c\day01\ex_01\exam\work\x64\debug\work.tlog\link.write.1.tlog
