c:\users\kdt008\onedrive\바탕 화면\kdt_10sl\ex_c\day01\ex_01\exam\day11\x64\debug\vc143.pdb
c:\users\kdt008\onedrive\바탕 화면\kdt_10sl\ex_c\day01\ex_01\exam\day11\x64\debug\vc143.idb
c:\users\kdt008\onedrive\바탕 화면\kdt_10sl\ex_c\day01\ex_01\exam\day11\x64\debug\ex03_file_copy.obj
c:\users\kdt008\onedrive\바탕 화면\kdt_10sl\ex_c\day01\ex_01\exam\x64\debug\day11.exe
c:\users\kdt008\onedrive\바탕 화면\kdt_10sl\ex_c\day01\ex_01\exam\x64\debug\day11.pdb
c:\users\kdt008\onedrive\바탕 화면\kdt_10sl\ex_c\day01\ex_01\exam\day11\x64\debug\day11.ilk
c:\users\kdt008\onedrive\back\kdt_10sl\ex_c\day01\ex_01\exam\day11\x64\debug\ex01define.obj
c:\users\kdt008\onedrive\back\kdt_10sl\ex_c\day01\ex_01\exam\day11\x64\debug\ex02_file_writer.obj
c:\users\kdt008\onedrive\back\kdt_10sl\ex_c\day01\ex_01\exam\day11\x64\debug\day11.ilk
c:\users\kdt008\onedrive\back\kdt_10sl\ex_c\day01\ex_01\exam\day11\x64\debug\vc143.idb
c:\users\kdt008\onedrive\back\kdt_10sl\ex_c\day01\ex_01\exam\day11\x64\debug\vc143.pdb
c:\users\kdt008\onedrive\back\kdt_10sl\ex_c\day01\ex_01\exam\x64\debug\day11.pdb
c:\users\kdt008\onedrive\back\kdt_10sl\ex_c\day01\ex_01\exam\x64\debug\day11.exe
c:\users\kdt008\onedrive\back\kdt_10sl\ex_c\day01\ex_01\exam\day11\x64\debug\day11.tlog\cl.command.1.tlog
c:\users\kdt008\onedrive\back\kdt_10sl\ex_c\day01\ex_01\exam\day11\x64\debug\day11.tlog\cl.items.tlog
c:\users\kdt008\onedrive\back\kdt_10sl\ex_c\day01\ex_01\exam\day11\x64\debug\day11.tlog\cl.read.1.tlog
c:\users\kdt008\onedrive\back\kdt_10sl\ex_c\day01\ex_01\exam\day11\x64\debug\day11.tlog\cl.write.1.tlog
c:\users\kdt008\onedrive\back\kdt_10sl\ex_c\day01\ex_01\exam\day11\x64\debug\day11.tlog\link.command.1.tlog
c:\users\kdt008\onedrive\back\kdt_10sl\ex_c\day01\ex_01\exam\day11\x64\debug\day11.tlog\link.read.1.tlog
c:\users\kdt008\onedrive\back\kdt_10sl\ex_c\day01\ex_01\exam\day11\x64\debug\day11.tlog\link.secondary.1.tlog
c:\users\kdt008\onedrive\back\kdt_10sl\ex_c\day01\ex_01\exam\day11\x64\debug\day11.tlog\link.write.1.tlog
