c:\users\kdt008\desktop\kdt_10sl\ex_c\day01\ex_01\exam\day02\x64\debug\vc143.pdb
c:\users\kdt008\desktop\kdt_10sl\ex_c\day01\ex_01\exam\day02\x64\debug\vc143.idb
c:\users\kdt008\desktop\kdt_10sl\ex_c\day01\ex_01\exam\day02\x64\debug\work_1229_김힘찬.obj
c:\users\kdt008\desktop\kdt_10sl\ex_c\day01\ex_01\exam\x64\debug\day02.exe
c:\users\kdt008\desktop\kdt_10sl\ex_c\day01\ex_01\exam\x64\debug\day02.pdb
c:\users\kdt008\desktop\kdt_10sl\ex_c\day01\ex_01\exam\day02\x64\debug\day02.ilk
c:\users\kdt008\onedrive\back\kdt_10sl\ex_c\day01\ex_01\exam\day02\x64\debug\ex01_sizeof.obj
c:\users\kdt008\onedrive\back\kdt_10sl\ex_c\day01\ex_01\exam\day02\x64\debug\ex02_int.obj
c:\users\kdt008\onedrive\back\kdt_10sl\ex_c\day01\ex_01\exam\day02\x64\debug\ex03_char.obj
c:\users\kdt008\onedrive\back\kdt_10sl\ex_c\day01\ex_01\exam\day02\x64\debug\ex04_wchar.obj
c:\users\kdt008\onedrive\back\kdt_10sl\ex_c\day01\ex_01\exam\day02\x64\debug\ex06_casting.obj
c:\users\kdt008\onedrive\back\kdt_10sl\ex_c\day01\ex_01\exam\day02\x64\debug\ex07_op.obj
c:\users\kdt008\onedrive\back\kdt_10sl\ex_c\day01\ex_01\exam\day02\x64\debug\work_1229.obj
c:\users\kdt008\onedrive\back\kdt_10sl\ex_c\day01\ex_01\exam\day02\x64\debug\day02.ilk
c:\users\kdt008\onedrive\back\kdt_10sl\ex_c\day01\ex_01\exam\day02\x64\debug\vc143.idb
c:\users\kdt008\onedrive\back\kdt_10sl\ex_c\day01\ex_01\exam\day02\x64\debug\vc143.pdb
c:\users\kdt008\onedrive\back\kdt_10sl\ex_c\day01\ex_01\exam\x64\debug\day02.pdb
c:\users\kdt008\onedrive\back\kdt_10sl\ex_c\day01\ex_01\exam\x64\debug\day02.exe
c:\users\kdt008\onedrive\back\kdt_10sl\ex_c\day01\ex_01\exam\day02\x64\debug\day02.tlog\cl.command.1.tlog
c:\users\kdt008\onedrive\back\kdt_10sl\ex_c\day01\ex_01\exam\day02\x64\debug\day02.tlog\cl.items.tlog
c:\users\kdt008\onedrive\back\kdt_10sl\ex_c\day01\ex_01\exam\day02\x64\debug\day02.tlog\cl.read.1.tlog
c:\users\kdt008\onedrive\back\kdt_10sl\ex_c\day01\ex_01\exam\day02\x64\debug\day02.tlog\cl.write.1.tlog
c:\users\kdt008\onedrive\back\kdt_10sl\ex_c\day01\ex_01\exam\day02\x64\debug\day02.tlog\link.command.1.tlog
c:\users\kdt008\onedrive\back\kdt_10sl\ex_c\day01\ex_01\exam\day02\x64\debug\day02.tlog\link.read.1.tlog
c:\users\kdt008\onedrive\back\kdt_10sl\ex_c\day01\ex_01\exam\day02\x64\debug\day02.tlog\link.secondary.1.tlog
c:\users\kdt008\onedrive\back\kdt_10sl\ex_c\day01\ex_01\exam\day02\x64\debug\day02.tlog\link.write.1.tlog
